Building DAG of jobs...
Using shell: /usr/bin/bash
Provided cores: 1 (use --cores to define parallelism)
Rules claiming more threads will be scaled down.
Job stats:
job           count
----------  -------
aligning          1
all               1
fasta_dict        1
indexing          1
total             4

Select jobs to execute...

[Tue Jul  8 00:40:42 2025]
rule indexing:
    input: results/snakemake/.dirs_created, results/raw/reference.fasta
    output: results/raw/reference.fasta.fai
    jobid: 6
    reason: Missing output files: results/raw/reference.fasta.fai
    resources: tmpdir=/tmp

[Tue Jul  8 00:40:42 2025]
Finished job 6.
1 of 4 steps (25%) done
Select jobs to execute...

[Tue Jul  8 00:40:42 2025]
rule fasta_dict:
    input: results/snakemake/.dirs_created, results/raw/reference.fasta, results/raw/reference.fasta.fai
    output: results/raw/reference.dict
    jobid: 5
    reason: Input files updated by another job: results/raw/reference.fasta.fai; Set of input files has changed since last execution
    resources: tmpdir=/tmp

[Tue Jul  8 00:40:46 2025]
Finished job 5.
2 of 4 steps (50%) done
Select jobs to execute...

[Tue Jul  8 00:40:46 2025]
rule aligning:
    input: results/snakemake/.dirs_created, results/raw/reference.fasta
    output: results/aligned/aligned.sam
    jobid: 7
    reason: Missing output files: results/aligned/aligned.sam
    resources: tmpdir=/tmp

[Tue Jul  8 00:40:46 2025]
Error in rule aligning:
    jobid: 7
    input: results/snakemake/.dirs_created, results/raw/reference.fasta
    output: results/aligned/aligned.sam
    shell:
        
        echo Aligning reads with read groups...
        bwa mem -R '@RG	ID:1	LB:lib1	PL:illumina	PU:unit1	SM:sample1' results/raw/reference.fasta results/raw/SRR1972739.fastq > results/aligned/aligned.sam
        echo Aligned reads!
        
        (one of the commands exited with non-zero exit code; note that snakemake uses bash strict mode!)

Removing output files of failed job aligning since they might be corrupted:
results/aligned/aligned.sam
Shutting down, this might take some time.
Exiting because a job execution failed. Look above for error message
Complete log: .snakemake/log/2025-07-08T004040.893302.snakemake.log
