Building DAG of jobs...
Using shell: /usr/bin/bash
Provided cores: 1 (use --cores to define parallelism)
Rules claiming more threads will be scaled down.
Job stats:
job                    count
-------------------  -------
all                        1
snpEff_ref_download        1
total                      2

Select jobs to execute...

[Tue Jul  8 07:20:44 2025]
rule snpEff_ref_download:
    input: results/snakemake/.dirs_created
    output: results/snpEff/data/reference_db/genes.gbk
    jobid: 14
    reason: Missing output files: results/snpEff/data/reference_db/genes.gbk
    resources: tmpdir=/tmp

[Tue Jul  8 07:20:45 2025]
Finished job 14.
1 of 2 steps (50%) done
Select jobs to execute...

[Tue Jul  8 07:20:45 2025]
localrule all:
    input: results/snakemake/.dirs_created, results/raw/reference.fasta, results/raw/SRR1972739/SRR1972739.sra, results/raw/SRR1972739.fastq, results/raw/reference.fasta, results/raw/reference.dict, results/raw/reference.fasta.fai, results/aligned/aligned.sam, results/aligned/aligned.sorted.bam, results/aligned/dedup.bam, results/aligned/dup_metrics.txt, results/aligned/dedup.bam.bai, results/variants/raw_variants.vcf, results/variants/filtered_variants.vcf, results/snpEff/data/reference_db/genes.gbk
    jobid: 0
    reason: Input files updated by another job: results/snpEff/data/reference_db/genes.gbk
    resources: tmpdir=/tmp

[Tue Jul  8 07:20:45 2025]
Finished job 0.
2 of 2 steps (100%) done
Complete log: .snakemake/log/2025-07-08T072044.161115.snakemake.log
