Building DAG of jobs...
Using shell: /usr/bin/bash
Provided cores: 1 (use --cores to define parallelism)
Rules claiming more threads will be scaled down.
Job stats:
job           count
----------  -------
all               1
fasta_dict        1
total             2

Select jobs to execute...

[Tue Jul  8 00:27:21 2025]
rule fasta_dict:
    input: results/snakemake/.dirs_created, results/raw/reference.fasta
    output: results/raw/reference.dict
    jobid: 5
    reason: Missing output files: results/raw/reference.dict
    resources: tmpdir=/tmp

[Tue Jul  8 00:27:25 2025]
Finished job 5.
1 of 2 steps (50%) done
Select jobs to execute...

[Tue Jul  8 00:27:25 2025]
localrule all:
    input: results/snakemake/.dirs_created, results/raw/reference.fasta, results/raw/SRR1972739/SRR1972739.sra, results/raw/SRR1972739.fastq, results/raw/reference.fasta, results/raw/reference.dict
    jobid: 0
    reason: Input files updated by another job: results/raw/reference.dict
    resources: tmpdir=/tmp

[Tue Jul  8 00:27:25 2025]
Finished job 0.
2 of 2 steps (100%) done
Complete log: .snakemake/log/2025-07-08T002720.589685.snakemake.log
